android.wX.MIUI.BianQian.Domob/app/build/outputs/logs/manifest-merger-debug-report.txt
-- Merging decision tree log ---
manifest
ADDED from src/main/AndroidManifest.xml:18:1-156:12
	package
		ADDED from src/main/AndroidManifest.xml:19:5-45
		INJECTED from src/main/AndroidManifest.xml
		INJECTED from src/main/AndroidManifest.xml
	android:versionName
		ADDED from src/main/AndroidManifest.xml:21:5-30
		INJECTED from src/main/AndroidManifest.xml
		INJECTED from src/main/AndroidManifest.xml
	android:versionCode
		ADDED from src/main/AndroidManifest.xml:20:5-28
		INJECTED from src/main/AndroidManifest.xml
		INJECTED from src/main/AndroidManifest.xml
	xmlns:android
		ADDED from src/main/AndroidManifest.xml:18:11-69
uses-sdk
ADDED from src/main/AndroidManifest.xml:23:5-44
MERGED from [com.android.support:support-v4:25.3.0] AndroidManifest.xml:21:5-23:54
MERGED from [com.android.support:support-fragment:25.3.0] AndroidManifest.xml:21:5-23:60
MERGED from [com.android.support:support-media-compat:25.3.0] AndroidManifest.xml:21:5-23:63
MERGED from [com.android.support:support-core-ui:25.3.0] AndroidManifest.xml:21:5-23:58
MERGED from [com.android.support:support-core-utils:25.3.0] AndroidManifest.xml:21:5-23:61
MERGED from [com.android.support:support-compat:25.3.0] AndroidManifest.xml:21:5-23:58
	tools:overrideLibrary
		ADDED from [com.android.support:support-v4:25.3.0] AndroidManifest.xml:23:9-51
	android:targetSdkVersion
		INJECTED from src/main/AndroidManifest.xml
		INJECTED from src/main/AndroidManifest.xml
	android:minSdkVersion
		ADDED from src/main/AndroidManifest.xml:23:15-41
		INJECTED from src/main/AndroidManifest.xml
		INJECTED from src/main/AndroidManifest.xml
uses-permission#android.permission.WRITE_EXTERNAL_STORAGE
ADDED from src/main/AndroidManifest.xml:25:5-81
	android:name
		ADDED from src/main/AndroidManifest.xml:25:22-78
uses-permission#com.android.launcher.permission.INSTALL_SHORTCUT
ADDED from src/main/AndroidManifest.xml:26:5-88
	android:name
		ADDED from src/main/AndroidManifest.xml:26:22-85
uses-permission#android.permission.INTERNET
ADDED from src/main/AndroidManifest.xml:27:5-67
	android:name
		ADDED from src/main/AndroidManifest.xml:27:22-64
uses-permission#android.permission.READ_CONTACTS
ADDED from src/main/AndroidManifest.xml:28:5-72
	android:name
		ADDED from src/main/AndroidManifest.xml:28:22-69
uses-permission#android.permission.MANAGE_ACCOUNTS
ADDED from src/main/AndroidManifest.xml:29:5-74
	android:name
		ADDED from src/main/AndroidManifest.xml:29:22-71
uses-permission#android.permission.AUTHENTICATE_ACCOUNTS
ADDED from src/main/AndroidManifest.xml:30:5-80
	android:name
		ADDED from src/main/AndroidManifest.xml:30:22-77
uses-permission#android.permission.GET_ACCOUNTS
ADDED from src/main/AndroidManifest.xml:31:5-71
	android:name
		ADDED from src/main/AndroidManifest.xml:31:22-68
uses-permission#android.permission.USE_CREDENTIALS
ADDED from src/main/AndroidManifest.xml:32:5-74
	android:name
		ADDED from src/main/AndroidManifest.xml:32:22-71
uses-permission#android.permission.ACCESS_NETWORK_STATE
ADDED from src/main/AndroidManifest.xml:34:2-76
	android:name
		ADDED from src/main/AndroidManifest.xml:34:19-73
uses-permission#android.permission.READ_PHONE_STATE
ADDED from src/main/AndroidManifest.xml:35:2-72
	android:name
		ADDED from src/main/AndroidManifest.xml:35:19-69
uses-permission#android.permission.ACCESS_COARSE_LOCATION
ADDED from src/main/AndroidManifest.xml:37:2-78
	android:name
		ADDED from src/main/AndroidManifest.xml:37:19-75
uses-permission#android.permission.ACCESS_WIFI_STATE
ADDED from src/main/AndroidManifest.xml:38:2-73
	android:name
		ADDED from src/main/AndroidManifest.xml:38:19-70
application
ADDED from src/main/AndroidManifest.xml:40:5-155:19
MERGED from [com.android.support:support-v4:25.3.0] AndroidManifest.xml:29:5-20
MERGED from [com.android.support:support-fragment:25.3.0] AndroidManifest.xml:29:5-20
MERGED from [com.android.support:support-media-compat:25.3.0] AndroidManifest.xml:29:5-20
MERGED from [com.android.support:support-core-ui:25.3.0] AndroidManifest.xml:29:5-20
MERGED from [com.android.support:support-core-utils:25.3.0] AndroidManifest.xml:29:5-20
MERGED from [com.android.support:support-compat:25.3.0] AndroidManifest.xml:29:5-20
	android:label
		ADDED from src/main/AndroidManifest.xml:42:9-41
	android:icon
		ADDED from src/main/AndroidManifest.xml:41:9-42
activity#net.micode.notes.ui.NotesListActivity
ADDED from src/main/AndroidManifest.xml:43:9-56:20
	android:label
		ADDED from src/main/AndroidManifest.xml:46:13-45
	android:launchMode
		ADDED from src/main/AndroidManifest.xml:47:13-43
	android:windowSoftInputMode
		ADDED from src/main/AndroidManifest.xml:50:13-52
	android:configChanges
		ADDED from src/main/AndroidManifest.xml:45:13-74
	android:uiOptions
		ADDED from src/main/AndroidManifest.xml:49:13-57
	android:theme
		ADDED from src/main/AndroidManifest.xml:48:13-45
	android:name
		ADDED from src/main/AndroidManifest.xml:44:13-65
intent-filter#android.intent.action.MAIN+android.intent.category.LAUNCHER
ADDED from src/main/AndroidManifest.xml:52:13-55:29
action#android.intent.action.MAIN
ADDED from src/main/AndroidManifest.xml:53:17-69
	android:name
		ADDED from src/main/AndroidManifest.xml:53:25-66
category#android.intent.category.LAUNCHER
ADDED from src/main/AndroidManifest.xml:54:17-77
	android:name
		ADDED from src/main/AndroidManifest.xml:54:27-74
activity#net.micode.notes.ui.NoteEditActivity
ADDED from src/main/AndroidManifest.xml:58:9-86:20
	android:launchMode
		ADDED from src/main/AndroidManifest.xml:61:13-43
	android:configChanges
		ADDED from src/main/AndroidManifest.xml:60:13-74
	android:theme
		ADDED from src/main/AndroidManifest.xml:62:13-45
	android:name
		ADDED from src/main/AndroidManifest.xml:59:13-64
intent-filter#android.intent.action.VIEW+android.intent.category.DEFAULT
ADDED from src/main/AndroidManifest.xml:64:13-69:29
action#android.intent.action.VIEW
ADDED from src/main/AndroidManifest.xml:65:17-69
	android:name
		ADDED from src/main/AndroidManifest.xml:65:25-66
category#android.intent.category.DEFAULT
ADDED from src/main/AndroidManifest.xml:66:17-76
	android:name
		ADDED from src/main/AndroidManifest.xml:66:27-73
data
ADDED from src/main/AndroidManifest.xml:67:17-78
	android:mimeType
		ADDED from src/main/AndroidManifest.xml:67:23-75
intent-filter#android.intent.action.INSERT_OR_EDIT+android.intent.category.DEFAULT
ADDED from src/main/AndroidManifest.xml:71:13-76:29
action#android.intent.action.INSERT_OR_EDIT
ADDED from src/main/AndroidManifest.xml:72:17-79
	android:name
		ADDED from src/main/AndroidManifest.xml:72:25-76
intent-filter#android.intent.action.SEARCH+android.intent.category.DEFAULT
ADDED from src/main/AndroidManifest.xml:78:13-81:29
action#android.intent.action.SEARCH
ADDED from src/main/AndroidManifest.xml:79:17-71
	android:name
		ADDED from src/main/AndroidManifest.xml:79:25-68
meta-data#android.app.searchable
ADDED from src/main/AndroidManifest.xml:83:13-85:54
	android:resource
		ADDED from src/main/AndroidManifest.xml:85:17-51
	android:name
		ADDED from src/main/AndroidManifest.xml:84:17-54
provider#net.micode.notes.data.NotesProvider
ADDED from src/main/AndroidManifest.xml:88:9-91:43
	android:authorities
		ADDED from src/main/AndroidManifest.xml:90:13-47
	android:multiprocess
		ADDED from src/main/AndroidManifest.xml:91:13-40
	android:name
		ADDED from src/main/AndroidManifest.xml:89:13-63
receiver#net.micode.notes.widget.NoteWidgetProvider_2x
ADDED from src/main/AndroidManifest.xml:93:9-105:20
	android:label
		ADDED from src/main/AndroidManifest.xml:95:13-50
	android:name
		ADDED from src/main/AndroidManifest.xml:94:13-73
intent-filter#android.appwidget.action.APPWIDGET_DELETED+android.appwidget.action.APPWIDGET_UPDATE+android.intent.action.PRIVACY_MODE_CHANGED
ADDED from src/main/AndroidManifest.xml:96:13-100:29
action#android.appwidget.action.APPWIDGET_UPDATE
ADDED from src/main/AndroidManifest.xml:97:17-84
	android:name
		ADDED from src/main/AndroidManifest.xml:97:25-81
action#android.appwidget.action.APPWIDGET_DELETED
ADDED from src/main/AndroidManifest.xml:98:17-85
	android:name
		ADDED from src/main/AndroidManifest.xml:98:25-82
action#android.intent.action.PRIVACY_MODE_CHANGED
ADDED from src/main/AndroidManifest.xml:99:17-85
	android:name
		ADDED from src/main/AndroidManifest.xml:99:25-82
meta-data#android.appwidget.provider
ADDED from src/main/AndroidManifest.xml:102:13-104:58
	android:resource
		ADDED from src/main/AndroidManifest.xml:104:17-55
	android:name
		ADDED from src/main/AndroidManifest.xml:103:17-58
receiver#net.micode.notes.widget.NoteWidgetProvider_4x
ADDED from src/main/AndroidManifest.xml:106:9-119:20
	android:label
		ADDED from src/main/AndroidManifest.xml:108:13-50
	android:name
		ADDED from src/main/AndroidManifest.xml:107:13-73
receiver#net.micode.notes.ui.AlarmInitReceiver
ADDED from src/main/AndroidManifest.xml:121:9-125:20
	android:name
		ADDED from src/main/AndroidManifest.xml:121:19-71
intent-filter#android.intent.action.BOOT_COMPLETED
ADDED from src/main/AndroidManifest.xml:122:13-124:29
action#android.intent.action.BOOT_COMPLETED
ADDED from src/main/AndroidManifest.xml:123:17-79
	android:name
		ADDED from src/main/AndroidManifest.xml:123:25-76
receiver#net.micode.notes.ui.AlarmReceiver
ADDED from src/main/AndroidManifest.xml:127:9-130:20
	android:process
		ADDED from src/main/AndroidManifest.xml:129:13-38
	android:name
		ADDED from src/main/AndroidManifest.xml:128:13-61
activity#net.micode.notes.ui.AlarmAlertActivity
ADDED from src/main/AndroidManifest.xml:132:9-137:20
	android:label
		ADDED from src/main/AndroidManifest.xml:134:13-45
	android:launchMode
		ADDED from src/main/AndroidManifest.xml:135:13-48
	android:theme
		ADDED from src/main/AndroidManifest.xml:136:13-70
	android:name
		ADDED from src/main/AndroidManifest.xml:133:13-66
activity#net.micode.notes.ui.NotesPreferenceActivity
ADDED from src/main/AndroidManifest.xml:139:9-144:20
	android:label
		ADDED from src/main/AndroidManifest.xml:141:13-54
	android:launchMode
		ADDED from src/main/AndroidManifest.xml:142:13-43
	android:theme
		ADDED from src/main/AndroidManifest.xml:143:13-55
	android:name
		ADDED from src/main/AndroidManifest.xml:140:13-71
service#net.micode.notes.gtask.remote.GTaskSyncService
ADDED from src/main/AndroidManifest.xml:146:9-149:19
	android:exported
		ADDED from src/main/AndroidManifest.xml:148:13-37
	android:name
		ADDED from src/main/AndroidManifest.xml:147:13-74
activity#cn.domob.android.ads.DomobActivity
ADDED from src/main/AndroidManifest.xml:150:3-151:64
	android:theme
		ADDED from src/main/AndroidManifest.xml:151:4-52
	android:name
		ADDED from src/main/AndroidManifest.xml:150:13-62
meta-data#android.app.default_searchable
ADDED from src/main/AndroidManifest.xml:152:9-154:52
	android:value
		ADDED from src/main/AndroidManifest.xml:154:13-49
	android:name
		ADDED from src/main/AndroidManifest.xml:153:13-58
meta-data#android.support.VERSION
ADDED from [com.android.support:support-v4:25.3.0] AndroidManifest.xml:25:5-27:34
MERGED from [com.android.support:support-fragment:25.3.0] AndroidManifest.xml:25:5-27:34
MERGED from [com.android.support:support-media-compat:25.3.0] AndroidManifest.xml:25:5-27:34
MERGED from [com.android.support:support-core-ui:25.3.0] AndroidManifest.xml:25:5-27:34
MERGED from [com.android.support:support-core-utils:25.3.0] AndroidManifest.xml:25:5-27:34
MERGED from [com.android.support:support-compat:25.3.0] AndroidManifest.xml:25:5-27:34
	android:value
		ADDED from [com.android.support:support-v4:25.3.0] AndroidManifest.xml:27:9-31
	android:name
		ADDED from [com.android.support:support-v4:25.3.0] AndroidManifest.xml:26:9-47